Determining if the log exist failed with the following output:
Change Dir: /media/senlee/Data/Courses/CMake/CMakeTutorialCN/tutorial/Step5/build/CMakeFiles/CMakeTmp

Run Build Command(s):/usr/bin/gmake -f Makefile cmTC_d7926/fast && /usr/bin/gmake  -f CMakeFiles/cmTC_d7926.dir/build.make CMakeFiles/cmTC_d7926.dir/build
gmake[1]: 进入目录“/media/senlee/Data/Courses/CMake/CMakeTutorialCN/tutorial/Step5/build/CMakeFiles/CMakeTmp”
Building C object CMakeFiles/cmTC_d7926.dir/CheckSymbolExists.c.o
/usr/bin/cc    -o CMakeFiles/cmTC_d7926.dir/CheckSymbolExists.c.o -c /media/senlee/Data/Courses/CMake/CMakeTutorialCN/tutorial/Step5/build/CMakeFiles/CMakeTmp/CheckSymbolExists.c
Linking C executable cmTC_d7926
/usr/bin/cmake -E cmake_link_script CMakeFiles/cmTC_d7926.dir/link.txt --verbose=1
/usr/bin/cc CMakeFiles/cmTC_d7926.dir/CheckSymbolExists.c.o -o cmTC_d7926 
/usr/bin/ld: CMakeFiles/cmTC_d7926.dir/CheckSymbolExists.c.o: in function `main':
CheckSymbolExists.c:(.text+0x1f): undefined reference to `log'
collect2: error: ld returned 1 exit status
gmake[1]: *** [CMakeFiles/cmTC_d7926.dir/build.make:99：cmTC_d7926] 错误 1
gmake[1]: 离开目录“/media/senlee/Data/Courses/CMake/CMakeTutorialCN/tutorial/Step5/build/CMakeFiles/CMakeTmp”
gmake: *** [Makefile:127：cmTC_d7926/fast] 错误 2


File /media/senlee/Data/Courses/CMake/CMakeTutorialCN/tutorial/Step5/build/CMakeFiles/CMakeTmp/CheckSymbolExists.c:
/* */
#include <math.h>

int main(int argc, char** argv)
{
  (void)argv;
#ifndef log
  return ((int*)(&log))[argc];
#else
  (void)argc;
  return 0;
#endif
}
Determining if the exp exist failed with the following output:
Change Dir: /media/senlee/Data/Courses/CMake/CMakeTutorialCN/tutorial/Step5/build/CMakeFiles/CMakeTmp

Run Build Command(s):/usr/bin/gmake -f Makefile cmTC_ea4c2/fast && /usr/bin/gmake  -f CMakeFiles/cmTC_ea4c2.dir/build.make CMakeFiles/cmTC_ea4c2.dir/build
gmake[1]: 进入目录“/media/senlee/Data/Courses/CMake/CMakeTutorialCN/tutorial/Step5/build/CMakeFiles/CMakeTmp”
Building C object CMakeFiles/cmTC_ea4c2.dir/CheckSymbolExists.c.o
/usr/bin/cc    -o CMakeFiles/cmTC_ea4c2.dir/CheckSymbolExists.c.o -c /media/senlee/Data/Courses/CMake/CMakeTutorialCN/tutorial/Step5/build/CMakeFiles/CMakeTmp/CheckSymbolExists.c
Linking C executable cmTC_ea4c2
/usr/bin/cmake -E cmake_link_script CMakeFiles/cmTC_ea4c2.dir/link.txt --verbose=1
/usr/bin/cc CMakeFiles/cmTC_ea4c2.dir/CheckSymbolExists.c.o -o cmTC_ea4c2 
/usr/bin/ld: CMakeFiles/cmTC_ea4c2.dir/CheckSymbolExists.c.o: in function `main':
CheckSymbolExists.c:(.text+0x1f): undefined reference to `exp'
collect2: error: ld returned 1 exit status
gmake[1]: *** [CMakeFiles/cmTC_ea4c2.dir/build.make:99：cmTC_ea4c2] 错误 1
gmake[1]: 离开目录“/media/senlee/Data/Courses/CMake/CMakeTutorialCN/tutorial/Step5/build/CMakeFiles/CMakeTmp”
gmake: *** [Makefile:127：cmTC_ea4c2/fast] 错误 2


File /media/senlee/Data/Courses/CMake/CMakeTutorialCN/tutorial/Step5/build/CMakeFiles/CMakeTmp/CheckSymbolExists.c:
/* */
#include <math.h>

int main(int argc, char** argv)
{
  (void)argv;
#ifndef exp
  return ((int*)(&exp))[argc];
#else
  (void)argc;
  return 0;
#endif
}
